# JRE version: Java(TM) SE Runtime Environment (8.0_121-b13) (build 1.8.0_121-b13)
# Java VM: Java HotSpot(TM) 64-Bit Server VM (25.121-b13 mixed mode linux-amd64 compressed oops)
Heap:
 PSYoungGen      total 219136K, used 99754K [0x00000000d7380000, 0x00000000e8480000, 0x0000000100000000)
  eden space 200704K, 49% used [0x00000000d7380000,0x00000000dd4ea9a8,0x00000000e3780000)
  from space 18432K, 0% used [0x00000000e3780000,0x00000000e3780000,0x00000000e4980000)
  to   space 17920K, 0% used [0x00000000e7300000,0x00000000e7300000,0x00000000e8480000)
 ParOldGen       total 87040K, used 36658K [0x0000000085a00000, 0x000000008af00000, 0x00000000d7380000)
  object space 87040K, 42% used [0x0000000085a00000,0x0000000087dcc848,0x000000008af00000)
 Metaspace       used 58528K, capacity 59919K, committed 60056K, reserved 1101824K
  class space    used 7653K, capacity 8013K, committed 8112K, reserved 1048576K
GC Heap History (10 events):
Event: 288.648 GC heap before
{Heap before GC invocations=24 (full 2):
 PSYoungGen      total 137728K, used 120598K [0x00000000d7380000, 0x00000000e3380000, 0x0000000100000000)
  eden space 117760K, 100% used [0x00000000d7380000,0x00000000de680000,0x00000000de680000)
  from space 19968K, 14% used [0x00000000de680000,0x00000000de945860,0x00000000dfa00000)
  to   space 19456K, 0% used [0x00000000e2080000,0x00000000e2080000,0x00000000e3380000)
 ParOldGen       total 60928K, used 17858K [0x0000000085a00000, 0x0000000089580000, 0x00000000d7380000)
  object space 60928K, 29% used [0x0000000085a00000,0x0000000086b70be8,0x0000000089580000)
 Metaspace       used 40839K, capacity 41480K, committed 41776K, reserved 1085440K
  class space    used 5340K, capacity 5560K, committed 5680K, reserved 1048576K
Event: 288.664 GC heap after
Heap after GC invocations=24 (full 2):
 PSYoungGen      total 172032K, used 6170K [0x00000000d7380000, 0x00000000e3080000, 0x0000000100000000)
  eden space 155648K, 0% used [0x00000000d7380000,0x00000000d7380000,0x00000000e0b80000)
  from space 16384K, 37% used [0x00000000e2080000,0x00000000e26868b0,0x00000000e3080000)
  to   space 18944K, 0% used [0x00000000e0b80000,0x00000000e0b80000,0x00000000e1e00000)
 ParOldGen       total 60928K, used 19289K [0x0000000085a00000, 0x0000000089580000, 0x00000000d7380000)
  object space 60928K, 31% used [0x0000000085a00000,0x0000000086cd64f0,0x0000000089580000)
 Metaspace       used 40839K, capacity 41480K, committed 41776K, reserved 1085440K
  class space    used 5340K, capacity 5560K, committed 5680K, reserved 1048576K
}
Event: 291.827 GC heap before
{Heap before GC invocations=25 (full 2):
 PSYoungGen      total 172032K, used 161818K [0x00000000d7380000, 0x00000000e3080000, 0x0000000100000000)
  eden space 155648K, 100% used [0x00000000d7380000,0x00000000e0b80000,0x00000000e0b80000)
  from space 16384K, 37% used [0x00000000e2080000,0x00000000e26868b0,0x00000000e3080000)
  to   space 18944K, 0% used [0x00000000e0b80000,0x00000000e0b80000,0x00000000e1e00000)
 ParOldGen       total 60928K, used 19289K [0x0000000085a00000, 0x0000000089580000, 0x00000000d7380000)
  object space 60928K, 31% used [0x0000000085a00000,0x0000000086cd64f0,0x0000000089580000)
 Metaspace       used 49743K, capacity 50662K, committed 51120K, reserved 1093632K
  class space    used 6503K, capacity 6792K, committed 6832K, reserved 1048576K
Event: 291.852 GC heap after
Heap after GC invocations=25 (full 2):
 PSYoungGen      total 174592K, used 13201K [0x00000000d7380000, 0x00000000e6180000, 0x0000000100000000)
  eden space 155648K, 0% used [0x00000000d7380000,0x00000000d7380000,0x00000000e0b80000)
  from space 18944K, 69% used [0x00000000e0b80000,0x00000000e1864420,0x00000000e1e00000)
  to   space 19968K, 0% used [0x00000000e4e00000,0x00000000e4e00000,0x00000000e6180000)
 ParOldGen       total 60928K, used 21971K [0x0000000085a00000, 0x0000000089580000, 0x00000000d7380000)
  object space 60928K, 36% used [0x0000000085a00000,0x0000000086f74c68,0x0000000089580000)
 Metaspace       used 49743K, capacity 50662K, committed 51120K, reserved 1093632K
  class space    used 6503K, capacity 6792K, committed 6832K, reserved 1048576K
}
Event: 330.218 GC heap before
{Heap before GC invocations=26 (full 2):
 PSYoungGen      total 174592K, used 168849K [0x00000000d7380000, 0x00000000e6180000, 0x0000000100000000)
  eden space 155648K, 100% used [0x00000000d7380000,0x00000000e0b80000,0x00000000e0b80000)
  from space 18944K, 69% used [0x00000000e0b80000,0x00000000e1864420,0x00000000e1e00000)
  to   space 19968K, 0% used [0x00000000e4e00000,0x00000000e4e00000,0x00000000e6180000)
 ParOldGen       total 60928K, used 21971K [0x0000000085a00000, 0x0000000089580000, 0x00000000d7380000)
  object space 60928K, 36% used [0x0000000085a00000,0x0000000086f74c68,0x0000000089580000)
 Metaspace       used 52641K, capacity 53916K, committed 54192K, reserved 1095680K
  class space    used 6905K, capacity 7295K, committed 7344K, reserved 1048576K
Event: 330.249 GC heap after
Heap after GC invocations=26 (full 2):
 PSYoungGen      total 214528K, used 8025K [0x00000000d7380000, 0x00000000e5b80000, 0x0000000100000000)
  eden space 200704K, 0% used [0x00000000d7380000,0x00000000d7380000,0x00000000e3780000)
  from space 13824K, 58% used [0x00000000e4e00000,0x00000000e55d64b0,0x00000000e5b80000)
  to   space 18432K, 0% used [0x00000000e3780000,0x00000000e3780000,0x00000000e4980000)
 ParOldGen       total 60928K, used 30335K [0x0000000085a00000, 0x0000000089580000, 0x00000000d7380000)
  object space 60928K, 49% used [0x0000000085a00000,0x000000008779ff30,0x0000000089580000)
 Metaspace       used 52641K, capacity 53916K, committed 54192K, reserved 1095680K
  class space    used 6905K, capacity 7295K, committed 7344K, reserved 1048576K
}
Event: 332.455 GC heap before
{Heap before GC invocations=27 (full 2):
 PSYoungGen      total 214528K, used 103555K [0x00000000d7380000, 0x00000000e5b80000, 0x0000000100000000)
  eden space 200704K, 47% used [0x00000000d7380000,0x00000000dd0cab00,0x00000000e3780000)
  from space 13824K, 58% used [0x00000000e4e00000,0x00000000e55d64b0,0x00000000e5b80000)
  to   space 18432K, 0% used [0x00000000e3780000,0x00000000e3780000,0x00000000e4980000)
 ParOldGen       total 60928K, used 30335K [0x0000000085a00000, 0x0000000089580000, 0x00000000d7380000)
  object space 60928K, 49% used [0x0000000085a00000,0x000000008779ff30,0x0000000089580000)
 Metaspace       used 57405K, capacity 58943K, committed 59160K, reserved 1099776K
  class space    used 7561K, capacity 7984K, committed 7984K, reserved 1048576K
Event: 332.478 GC heap after
Heap after GC invocations=27 (full 2):
 PSYoungGen      total 219136K, used 8713K [0x00000000d7380000, 0x00000000e8480000, 0x0000000100000000)
  eden space 200704K, 0% used [0x00000000d7380000,0x00000000d7380000,0x00000000e3780000)
  from space 18432K, 47% used [0x00000000e3780000,0x00000000e4002780,0x00000000e4980000)
  to   space 17920K, 0% used [0x00000000e7300000,0x00000000e7300000,0x00000000e8480000)
 ParOldGen       total 60928K, used 34243K [0x0000000085a00000, 0x0000000089580000, 0x00000000d7380000)
  object space 60928K, 56% used [0x0000000085a00000,0x0000000087b70f40,0x0000000089580000)
 Metaspace       used 57405K, capacity 58943K, committed 59160K, reserved 1099776K
  class space    used 7561K, capacity 7984K, committed 7984K, reserved 1048576K
}
Event: 332.478 GC heap before
{Heap before GC invocations=28 (full 3):
 PSYoungGen      total 219136K, used 8713K [0x00000000d7380000, 0x00000000e8480000, 0x0000000100000000)
  eden space 200704K, 0% used [0x00000000d7380000,0x00000000d7380000,0x00000000e3780000)
  from space 18432K, 47% used [0x00000000e3780000,0x00000000e4002780,0x00000000e4980000)
  to   space 17920K, 0% used [0x00000000e7300000,0x00000000e7300000,0x00000000e8480000)
 ParOldGen       total 60928K, used 34243K [0x0000000085a00000, 0x0000000089580000, 0x00000000d7380000)
  object space 60928K, 56% used [0x0000000085a00000,0x0000000087b70f40,0x0000000089580000)
 Metaspace       used 57405K, capacity 58943K, committed 59160K, reserved 1099776K
  class space    used 7561K, capacity 7984K, committed 7984K, reserved 1048576K
Event: 332.721 GC heap after
Heap after GC invocations=28 (full 3):
 PSYoungGen      total 219136K, used 0K [0x00000000d7380000, 0x00000000e8480000, 0x0000000100000000)
  eden space 200704K, 0% used [0x00000000d7380000,0x00000000d7380000,0x00000000e3780000)
  from space 18432K, 0% used [0x00000000e3780000,0x00000000e3780000,0x00000000e4980000)
  to   space 17920K, 0% used [0x00000000e7300000,0x00000000e7300000,0x00000000e8480000)
 ParOldGen       total 87040K, used 36658K [0x0000000085a00000, 0x000000008af00000, 0x00000000d7380000)
  object space 87040K, 42% used [0x0000000085a00000,0x0000000087dcc848,0x000000008af00000)
 Metaspace       used 57292K, capacity 58679K, committed 59160K, reserved 1099776K
  class space    used 7530K, capacity 7896K, committed 7984K, reserved 1048576K
}

